0 info it worked if it ends with ok
1 verbose cli [ '/usr/local/bin/node',
1 verbose cli   '/usr/local/bin/npm',
1 verbose cli   'install',
1 verbose cli   '-g',
1 verbose cli   'browser-sync',
1 verbose cli   'gulp',
1 verbose cli   'gulp-sass' ]
2 info using npm@2.15.8
3 info using node@v4.4.7
4 verbose install initial load of /usr/local/lib/package.json
5 verbose readDependencies loading dependencies from /usr/local/lib/package.json
6 silly cache add args [ 'browser-sync', null ]
7 verbose cache add spec browser-sync
8 silly cache add args [ 'gulp', null ]
9 verbose cache add spec gulp
10 silly cache add args [ 'gulp-sass', null ]
11 verbose cache add spec gulp-sass
12 silly cache add parsed spec Result {
12 silly cache add   raw: 'browser-sync',
12 silly cache add   scope: null,
12 silly cache add   name: 'browser-sync',
12 silly cache add   rawSpec: '',
12 silly cache add   spec: 'latest',
12 silly cache add   type: 'tag' }
13 silly addNamed browser-sync@latest
14 verbose addNamed "latest" is being treated as a dist-tag for browser-sync
15 info addNameTag [ 'browser-sync', 'latest' ]
16 silly mapToRegistry name browser-sync
17 silly mapToRegistry using default registry
18 silly mapToRegistry registry https://registry.npmjs.org/
19 silly mapToRegistry data Result {
19 silly mapToRegistry   raw: 'browser-sync',
19 silly mapToRegistry   scope: null,
19 silly mapToRegistry   name: 'browser-sync',
19 silly mapToRegistry   rawSpec: '',
19 silly mapToRegistry   spec: 'latest',
19 silly mapToRegistry   type: 'tag' }
20 silly mapToRegistry uri https://registry.npmjs.org/browser-sync
21 verbose addNameTag registry:https://registry.npmjs.org/browser-sync not in flight; fetching
22 silly cache add parsed spec Result {
22 silly cache add   raw: 'gulp',
22 silly cache add   scope: null,
22 silly cache add   name: 'gulp',
22 silly cache add   rawSpec: '',
22 silly cache add   spec: 'latest',
22 silly cache add   type: 'tag' }
23 silly addNamed gulp@latest
24 verbose addNamed "latest" is being treated as a dist-tag for gulp
25 info addNameTag [ 'gulp', 'latest' ]
26 silly mapToRegistry name gulp
27 silly mapToRegistry using default registry
28 silly mapToRegistry registry https://registry.npmjs.org/
29 silly mapToRegistry data Result {
29 silly mapToRegistry   raw: 'gulp',
29 silly mapToRegistry   scope: null,
29 silly mapToRegistry   name: 'gulp',
29 silly mapToRegistry   rawSpec: '',
29 silly mapToRegistry   spec: 'latest',
29 silly mapToRegistry   type: 'tag' }
30 silly mapToRegistry uri https://registry.npmjs.org/gulp
31 verbose addNameTag registry:https://registry.npmjs.org/gulp not in flight; fetching
32 silly cache add parsed spec Result {
32 silly cache add   raw: 'gulp-sass',
32 silly cache add   scope: null,
32 silly cache add   name: 'gulp-sass',
32 silly cache add   rawSpec: '',
32 silly cache add   spec: 'latest',
32 silly cache add   type: 'tag' }
33 silly addNamed gulp-sass@latest
34 verbose addNamed "latest" is being treated as a dist-tag for gulp-sass
35 info addNameTag [ 'gulp-sass', 'latest' ]
36 silly mapToRegistry name gulp-sass
37 silly mapToRegistry using default registry
38 silly mapToRegistry registry https://registry.npmjs.org/
39 silly mapToRegistry data Result {
39 silly mapToRegistry   raw: 'gulp-sass',
39 silly mapToRegistry   scope: null,
39 silly mapToRegistry   name: 'gulp-sass',
39 silly mapToRegistry   rawSpec: '',
39 silly mapToRegistry   spec: 'latest',
39 silly mapToRegistry   type: 'tag' }
40 silly mapToRegistry uri https://registry.npmjs.org/gulp-sass
41 verbose addNameTag registry:https://registry.npmjs.org/gulp-sass not in flight; fetching
42 verbose request uri https://registry.npmjs.org/browser-sync
43 verbose request no auth needed
44 info attempt registry request try #1 at 22:39:18
45 verbose request id 8aa7ddf78f52bf70
46 http request GET https://registry.npmjs.org/browser-sync
47 verbose request uri https://registry.npmjs.org/gulp
48 verbose request no auth needed
49 info attempt registry request try #1 at 22:39:18
50 http request GET https://registry.npmjs.org/gulp
51 verbose request uri https://registry.npmjs.org/gulp-sass
52 verbose request no auth needed
53 info attempt registry request try #1 at 22:39:18
54 http request GET https://registry.npmjs.org/gulp-sass
55 http 200 https://registry.npmjs.org/gulp
56 verbose headers { server: 'CouchDB/1.5.0 (Erlang OTP/R16B03)',
56 verbose headers   etag: '"30ARIGNIXNAGAF7AWHPIE01G6"',
56 verbose headers   'content-type': 'application/json',
56 verbose headers   'content-encoding': 'gzip',
56 verbose headers   'cache-control': 'max-age=300',
56 verbose headers   'content-length': '18746',
56 verbose headers   'accept-ranges': 'bytes',
56 verbose headers   date: 'Wed, 17 Aug 2016 14:39:12 GMT',
56 verbose headers   via: '1.1 varnish',
56 verbose headers   age: '25',
56 verbose headers   connection: 'keep-alive',
56 verbose headers   'x-served-by': 'cache-hkg6822-HKG',
56 verbose headers   'x-cache': 'HIT',
56 verbose headers   'x-cache-hits': '1',
56 verbose headers   'x-timer': 'S1471444752.798531,VS0,VE0',
56 verbose headers   vary: 'Accept-Encoding' }
57 silly get cb [ 200,
57 silly get   { server: 'CouchDB/1.5.0 (Erlang OTP/R16B03)',
57 silly get     etag: '"30ARIGNIXNAGAF7AWHPIE01G6"',
57 silly get     'content-type': 'application/json',
57 silly get     'content-encoding': 'gzip',
57 silly get     'cache-control': 'max-age=300',
57 silly get     'content-length': '18746',
57 silly get     'accept-ranges': 'bytes',
57 silly get     date: 'Wed, 17 Aug 2016 14:39:12 GMT',
57 silly get     via: '1.1 varnish',
57 silly get     age: '25',
57 silly get     connection: 'keep-alive',
57 silly get     'x-served-by': 'cache-hkg6822-HKG',
57 silly get     'x-cache': 'HIT',
57 silly get     'x-cache-hits': '1',
57 silly get     'x-timer': 'S1471444752.798531,VS0,VE0',
57 silly get     vary: 'Accept-Encoding' } ]
58 verbose get saving gulp to /Users/new/.npm/registry.npmjs.org/gulp/.cache.json
59 verbose correctMkdir /Users/new/.npm correctMkdir not in flight; initializing
60 silly addNameTag next cb for gulp with tag latest
61 silly addNamed gulp@3.9.1
62 verbose addNamed "3.9.1" is a plain semver version for gulp
63 silly mapToRegistry name gulp
64 silly mapToRegistry using default registry
65 silly mapToRegistry registry https://registry.npmjs.org/
66 silly mapToRegistry data Result {
66 silly mapToRegistry   raw: 'gulp',
66 silly mapToRegistry   scope: null,
66 silly mapToRegistry   name: 'gulp',
66 silly mapToRegistry   rawSpec: '',
66 silly mapToRegistry   spec: 'latest',
66 silly mapToRegistry   type: 'tag' }
67 silly mapToRegistry uri https://registry.npmjs.org/gulp
68 verbose addRemoteTarball https://registry.npmjs.org/gulp/-/gulp-3.9.1.tgz not in flight; adding
69 verbose addRemoteTarball [ 'https://registry.npmjs.org/gulp/-/gulp-3.9.1.tgz',
69 verbose addRemoteTarball   '571ce45928dd40af6514fc4011866016c13845b4' ]
70 info retry fetch attempt 1 at 22:39:19
71 info attempt registry request try #1 at 22:39:19
72 http fetch GET https://registry.npmjs.org/gulp/-/gulp-3.9.1.tgz
73 http 200 https://registry.npmjs.org/browser-sync
74 verbose headers { server: 'CouchDB/1.5.0 (Erlang OTP/R16B03)',
74 verbose headers   etag: '"AKFPB6DMXG5XF1O8215MHPLWH"',
74 verbose headers   'content-type': 'application/json',
74 verbose headers   'content-encoding': 'gzip',
74 verbose headers   'cache-control': 'max-age=300',
74 verbose headers   'content-length': '39982',
74 verbose headers   'accept-ranges': 'bytes',
74 verbose headers   date: 'Wed, 17 Aug 2016 14:39:12 GMT',
74 verbose headers   via: '1.1 varnish',
74 verbose headers   age: '63',
74 verbose headers   connection: 'keep-alive',
74 verbose headers   'x-served-by': 'cache-hkg6825-HKG',
74 verbose headers   'x-cache': 'HIT',
74 verbose headers   'x-cache-hits': '1',
74 verbose headers   'x-timer': 'S1471444752.799377,VS0,VE0',
74 verbose headers   vary: 'Accept-Encoding' }
75 silly get cb [ 200,
75 silly get   { server: 'CouchDB/1.5.0 (Erlang OTP/R16B03)',
75 silly get     etag: '"AKFPB6DMXG5XF1O8215MHPLWH"',
75 silly get     'content-type': 'application/json',
75 silly get     'content-encoding': 'gzip',
75 silly get     'cache-control': 'max-age=300',
75 silly get     'content-length': '39982',
75 silly get     'accept-ranges': 'bytes',
75 silly get     date: 'Wed, 17 Aug 2016 14:39:12 GMT',
75 silly get     via: '1.1 varnish',
75 silly get     age: '63',
75 silly get     connection: 'keep-alive',
75 silly get     'x-served-by': 'cache-hkg6825-HKG',
75 silly get     'x-cache': 'HIT',
75 silly get     'x-cache-hits': '1',
75 silly get     'x-timer': 'S1471444752.799377,VS0,VE0',
75 silly get     vary: 'Accept-Encoding' } ]
76 verbose get saving browser-sync to /Users/new/.npm/registry.npmjs.org/browser-sync/.cache.json
77 verbose correctMkdir /Users/new/.npm correctMkdir not in flight; initializing
78 silly addNameTag next cb for browser-sync with tag latest
79 silly addNamed browser-sync@2.14.0
80 verbose addNamed "2.14.0" is a plain semver version for browser-sync
81 silly mapToRegistry name browser-sync
82 silly mapToRegistry using default registry
83 silly mapToRegistry registry https://registry.npmjs.org/
84 silly mapToRegistry data Result {
84 silly mapToRegistry   raw: 'browser-sync',
84 silly mapToRegistry   scope: null,
84 silly mapToRegistry   name: 'browser-sync',
84 silly mapToRegistry   rawSpec: '',
84 silly mapToRegistry   spec: 'latest',
84 silly mapToRegistry   type: 'tag' }
85 silly mapToRegistry uri https://registry.npmjs.org/browser-sync
86 verbose addRemoteTarball https://registry.npmjs.org/browser-sync/-/browser-sync-2.14.0.tgz not in flight; adding
87 verbose addRemoteTarball [ 'https://registry.npmjs.org/browser-sync/-/browser-sync-2.14.0.tgz',
87 verbose addRemoteTarball   'e314f098c73808e62fa66a4433fbf8e2f4785f06' ]
88 info retry fetch attempt 1 at 22:39:19
89 info attempt registry request try #1 at 22:39:19
90 http fetch GET https://registry.npmjs.org/browser-sync/-/browser-sync-2.14.0.tgz
91 http 200 https://registry.npmjs.org/gulp-sass
92 verbose headers { server: 'CouchDB/1.5.0 (Erlang OTP/R16B03)',
92 verbose headers   etag: '"CKATGAH7SW1LYU0A3UFE62BRE"',
92 verbose headers   'content-type': 'application/json',
92 verbose headers   'content-encoding': 'gzip',
92 verbose headers   'cache-control': 'max-age=300',
92 verbose headers   'content-length': '9776',
92 verbose headers   'accept-ranges': 'bytes',
92 verbose headers   date: 'Wed, 17 Aug 2016 14:39:13 GMT',
92 verbose headers   via: '1.1 varnish',
92 verbose headers   age: '0',
92 verbose headers   connection: 'keep-alive',
92 verbose headers   'x-served-by': 'cache-hkg6824-HKG',
92 verbose headers   'x-cache': 'HIT',
92 verbose headers   'x-cache-hits': '1',
92 verbose headers   'x-timer': 'S1471444752.800371,VS0,VE224',
92 verbose headers   vary: 'Accept-Encoding' }
93 silly get cb [ 200,
93 silly get   { server: 'CouchDB/1.5.0 (Erlang OTP/R16B03)',
93 silly get     etag: '"CKATGAH7SW1LYU0A3UFE62BRE"',
93 silly get     'content-type': 'application/json',
93 silly get     'content-encoding': 'gzip',
93 silly get     'cache-control': 'max-age=300',
93 silly get     'content-length': '9776',
93 silly get     'accept-ranges': 'bytes',
93 silly get     date: 'Wed, 17 Aug 2016 14:39:13 GMT',
93 silly get     via: '1.1 varnish',
93 silly get     age: '0',
93 silly get     connection: 'keep-alive',
93 silly get     'x-served-by': 'cache-hkg6824-HKG',
93 silly get     'x-cache': 'HIT',
93 silly get     'x-cache-hits': '1',
93 silly get     'x-timer': 'S1471444752.800371,VS0,VE224',
93 silly get     vary: 'Accept-Encoding' } ]
94 verbose get saving gulp-sass to /Users/new/.npm/registry.npmjs.org/gulp-sass/.cache.json
95 verbose correctMkdir /Users/new/.npm correctMkdir not in flight; initializing
96 silly addNameTag next cb for gulp-sass with tag latest
97 silly addNamed gulp-sass@2.3.2
98 verbose addNamed "2.3.2" is a plain semver version for gulp-sass
99 silly mapToRegistry name gulp-sass
100 silly mapToRegistry using default registry
101 silly mapToRegistry registry https://registry.npmjs.org/
102 silly mapToRegistry data Result {
102 silly mapToRegistry   raw: 'gulp-sass',
102 silly mapToRegistry   scope: null,
102 silly mapToRegistry   name: 'gulp-sass',
102 silly mapToRegistry   rawSpec: '',
102 silly mapToRegistry   spec: 'latest',
102 silly mapToRegistry   type: 'tag' }
103 silly mapToRegistry uri https://registry.npmjs.org/gulp-sass
104 verbose addRemoteTarball https://registry.npmjs.org/gulp-sass/-/gulp-sass-2.3.2.tgz not in flight; adding
105 verbose addRemoteTarball [ 'https://registry.npmjs.org/gulp-sass/-/gulp-sass-2.3.2.tgz',
105 verbose addRemoteTarball   '82b7ab90fe902cdc34c04f180d92f2c34902dd52' ]
106 info retry fetch attempt 1 at 22:39:19
107 info attempt registry request try #1 at 22:39:19
108 http fetch GET https://registry.npmjs.org/gulp-sass/-/gulp-sass-2.3.2.tgz
109 http fetch 200 https://registry.npmjs.org/gulp/-/gulp-3.9.1.tgz
110 silly fetchAndShaCheck shasum 571ce45928dd40af6514fc4011866016c13845b4
111 http fetch 200 https://registry.npmjs.org/browser-sync/-/browser-sync-2.14.0.tgz
112 verbose addTmpTarball /var/folders/wg/32250j1d0bqg93ctdxk45rp00000gp/T/npm-9637-f054eeae/registry.npmjs.org/gulp/-/gulp-3.9.1.tgz not in flight; adding
113 verbose addTmpTarball already have metadata; skipping unpack for gulp@3.9.1
114 verbose correctMkdir /Users/new/.npm correctMkdir not in flight; initializing
115 silly cache afterAdd gulp@3.9.1
116 verbose afterAdd /Users/new/.npm/gulp/3.9.1/package/package.json not in flight; writing
117 verbose correctMkdir /Users/new/.npm correctMkdir not in flight; initializing
118 verbose afterAdd /Users/new/.npm/gulp/3.9.1/package/package.json written
119 http fetch 200 https://registry.npmjs.org/gulp-sass/-/gulp-sass-2.3.2.tgz
120 silly fetchAndShaCheck shasum 82b7ab90fe902cdc34c04f180d92f2c34902dd52
121 verbose addTmpTarball /var/folders/wg/32250j1d0bqg93ctdxk45rp00000gp/T/npm-9637-f054eeae/registry.npmjs.org/gulp-sass/-/gulp-sass-2.3.2.tgz not in flight; adding
122 verbose addTmpTarball already have metadata; skipping unpack for gulp-sass@2.3.2
123 verbose correctMkdir /Users/new/.npm correctMkdir not in flight; initializing
124 silly cache afterAdd gulp-sass@2.3.2
125 verbose afterAdd /Users/new/.npm/gulp-sass/2.3.2/package/package.json not in flight; writing
126 verbose correctMkdir /Users/new/.npm correctMkdir not in flight; initializing
127 verbose afterAdd /Users/new/.npm/gulp-sass/2.3.2/package/package.json written
128 silly fetchAndShaCheck shasum e314f098c73808e62fa66a4433fbf8e2f4785f06
129 verbose addTmpTarball /var/folders/wg/32250j1d0bqg93ctdxk45rp00000gp/T/npm-9637-f054eeae/registry.npmjs.org/browser-sync/-/browser-sync-2.14.0.tgz not in flight; adding
130 verbose addTmpTarball already have metadata; skipping unpack for browser-sync@2.14.0
131 verbose correctMkdir /Users/new/.npm correctMkdir not in flight; initializing
132 silly cache afterAdd browser-sync@2.14.0
133 verbose afterAdd /Users/new/.npm/browser-sync/2.14.0/package/package.json not in flight; writing
134 verbose correctMkdir /Users/new/.npm correctMkdir not in flight; initializing
135 verbose afterAdd /Users/new/.npm/browser-sync/2.14.0/package/package.json written
136 silly install resolved [ { name: 'gulp',
136 silly install resolved     description: 'The streaming build system',
136 silly install resolved     version: '3.9.1',
136 silly install resolved     homepage: 'http://gulpjs.com',
136 silly install resolved     repository: { type: 'git', url: 'git+https://github.com/gulpjs/gulp.git' },
136 silly install resolved     author:
136 silly install resolved      { name: 'Fractal',
136 silly install resolved        email: 'contact@wearefractal.com',
136 silly install resolved        url: 'http://wearefractal.com/' },
136 silly install resolved     tags: [ 'build', 'stream', 'system', 'make', 'tool', 'asset', 'pipeline' ],
136 silly install resolved     files: [ 'index.js', 'lib', 'bin', 'completion', 'gulp.1' ],
136 silly install resolved     bin: { gulp: './bin/gulp.js' },
136 silly install resolved     man: [ 'gulp.1' ],
136 silly install resolved     dependencies:
136 silly install resolved      { archy: '^1.0.0',
136 silly install resolved        chalk: '^1.0.0',
136 silly install resolved        deprecated: '^0.0.1',
136 silly install resolved        'gulp-util': '^3.0.0',
136 silly install resolved        interpret: '^1.0.0',
136 silly install resolved        liftoff: '^2.1.0',
136 silly install resolved        minimist: '^1.1.0',
136 silly install resolved        orchestrator: '^0.3.0',
136 silly install resolved        'pretty-hrtime': '^1.0.0',
136 silly install resolved        semver: '^4.1.0',
136 silly install resolved        tildify: '^1.0.0',
136 silly install resolved        v8flags: '^2.0.2',
136 silly install resolved        'vinyl-fs': '^0.3.0' },
136 silly install resolved     devDependencies:
136 silly install resolved      { coveralls: '^2.7.0',
136 silly install resolved        eslint: '^1.7.3',
136 silly install resolved        'eslint-config-gulp': '^2.0.0',
136 silly install resolved        'graceful-fs': '^3.0.0',
136 silly install resolved        istanbul: '^0.3.0',
136 silly install resolved        jscs: '^2.3.5',
136 silly install resolved        'jscs-preset-gulp': '^1.0.0',
136 silly install resolved        'marked-man': '^0.1.3',
136 silly install resolved        mkdirp: '^0.5.0',
136 silly install resolved        mocha: '^2.0.1',
136 silly install resolved        'mocha-lcov-reporter': '^0.0.1',
136 silly install resolved        q: '^1.0.0',
136 silly install resolved        rimraf: '^2.2.5',
136 silly install resolved        should: '^5.0.1' },
136 silly install resolved     scripts:
136 silly install resolved      { prepublish: 'marked-man --name gulp docs/CLI.md > gulp.1',
136 silly install resolved        lint: 'eslint . && jscs *.js bin/ lib/ test/',
136 silly install resolved        pretest: 'npm run lint',
136 silly install resolved        test: 'mocha --reporter spec',
136 silly install resolved        coveralls: 'istanbul cover _mocha --report lcovonly -- -R spec && cat ./coverage/lcov.info | coveralls && rm -rf ./coverage' },
136 silly install resolved     engines: { node: '>= 0.9' },
136 silly install resolved     license: 'MIT',
136 silly install resolved     gitHead: '9c14e3a13a73a32e424f144d62566671b2fcdbed',
136 silly install resolved     bugs: { url: 'https://github.com/gulpjs/gulp/issues' },
136 silly install resolved     _id: 'gulp@3.9.1',
136 silly install resolved     _shasum: '571ce45928dd40af6514fc4011866016c13845b4',
136 silly install resolved     _from: 'gulp@latest',
136 silly install resolved     _npmVersion: '2.14.14',
136 silly install resolved     _nodeVersion: '0.10.41',
136 silly install resolved     _npmUser: { name: 'phated', email: 'blaine@iceddev.com' },
136 silly install resolved     maintainers: [ [Object], [Object] ],
136 silly install resolved     dist:
136 silly install resolved      { shasum: '571ce45928dd40af6514fc4011866016c13845b4',
136 silly install resolved        tarball: 'https://registry.npmjs.org/gulp/-/gulp-3.9.1.tgz' },
136 silly install resolved     _npmOperationalInternal:
136 silly install resolved      { host: 'packages-6-west.internal.npmjs.com',
136 silly install resolved        tmp: 'tmp/gulp-3.9.1.tgz_1454957415500_0.15343931876122952' },
136 silly install resolved     directories: {},
136 silly install resolved     _resolved: 'https://registry.npmjs.org/gulp/-/gulp-3.9.1.tgz' },
136 silly install resolved   { name: 'gulp-sass',
136 silly install resolved     version: '2.3.2',
136 silly install resolved     description: 'Gulp plugin for sass',
136 silly install resolved     main: 'index.js',
136 silly install resolved     scripts: { test: 'mocha test' },
136 silly install resolved     repository: { type: 'git', url: 'git://github.com/dlmanning/gulp-sass.git' },
136 silly install resolved     keywords: [ 'gulpplugin', 'sass', 'gulp' ],
136 silly install resolved     author: { name: 'David Manning' },
136 silly install resolved     license: 'MIT',
136 silly install resolved     bugs: { url: 'https://github.com/dlmanning/gulp-sass/issues' },
136 silly install resolved     dependencies:
136 silly install resolved      { 'gulp-util': '^3.0',
136 silly install resolved        'lodash.clonedeep': '^4.3.2',
136 silly install resolved        'node-sass': '^3.4.2',
136 silly install resolved        through2: '^2.0.0',
136 silly install resolved        'vinyl-sourcemaps-apply': '^0.2.0' },
136 silly install resolved     devDependencies:
136 silly install resolved      { 'autoprefixer-core': '^5.2.1',
136 silly install resolved        eslint: '^2.9.0',
136 silly install resolved        globule: '^1.0.0',
136 silly install resolved        gulp: '^3.8.11',
136 silly install resolved        'gulp-postcss': '^5.1.10',
136 silly install resolved        'gulp-sourcemaps': '^1.5.2',
136 silly install resolved        'gulp-tap': '^0.1.3',
136 silly install resolved        mocha: '^2.2.1',
136 silly install resolved        rimraf: '^2.4.3',
136 silly install resolved        should: '^8.3.1' },
136 silly install resolved     gitHead: '218560fc06f6e94151fb5ec3a4e0e047415c14ed',
136 silly install resolved     homepage: 'https://github.com/dlmanning/gulp-sass#readme',
136 silly install resolved     _id: 'gulp-sass@2.3.2',
136 silly install resolved     _shasum: '82b7ab90fe902cdc34c04f180d92f2c34902dd52',
136 silly install resolved     _from: 'gulp-sass@latest',
136 silly install resolved     _npmVersion: '3.8.3',
136 silly install resolved     _nodeVersion: '5.10.1',
136 silly install resolved     _npmUser: { name: 'xzyfer', email: 'xzyfer@gmail.com' },
136 silly install resolved     dist:
136 silly install resolved      { shasum: '82b7ab90fe902cdc34c04f180d92f2c34902dd52',
136 silly install resolved        tarball: 'https://registry.npmjs.org/gulp-sass/-/gulp-sass-2.3.2.tgz' },
136 silly install resolved     maintainers: [ [Object], [Object], [Object] ],
136 silly install resolved     _npmOperationalInternal:
136 silly install resolved      { host: 'packages-16-east.internal.npmjs.com',
136 silly install resolved        tmp: 'tmp/gulp-sass-2.3.2.tgz_1465988342649_0.716503701871261' },
136 silly install resolved     directories: {},
136 silly install resolved     _resolved: 'https://registry.npmjs.org/gulp-sass/-/gulp-sass-2.3.2.tgz' },
136 silly install resolved   { name: 'browser-sync',
136 silly install resolved     description: 'Live CSS Reload & Browser Syncing',
136 silly install resolved     version: '2.14.0',
136 silly install resolved     homepage: 'http://www.browsersync.io/',
136 silly install resolved     author: { name: 'Shane Osbourne' },
136 silly install resolved     repository:
136 silly install resolved      { type: 'git',
136 silly install resolved        url: 'git+https://github.com/browsersync/browser-sync.git' },
136 silly install resolved     license: 'Apache-2.0',
136 silly install resolved     bin: { 'browser-sync': 'bin/browser-sync.js' },
136 silly install resolved     files: [ 'bin', 'index.js', 'lib', 'lodash.custom.js' ],
136 silly install resolved     engines: { node: '>= 0.8.0' },
136 silly install resolved     scripts:
136 silly install resolved      { env: 'node ./test/env.js',
136 silly install resolved        test: 'npm run lint && npm run env && npm run unit',
136 silly install resolved        lint: 'eslint index.js lib bin examples test/specs gulpfile.js',
136 silly install resolved        pro: 'protractor test/protractor/config.single.js',
136 silly install resolved        'pro-local': 'node test/protractor/setup.js',
136 silly install resolved        unit: 'mocha --recursive test/specs --timeout 10000',
136 silly install resolved        cover: 'npm run env && npm run cover-local && npm run coveralls',
136 silly install resolved        'cover-local': 'istanbul cover -x lodash.custom.js _mocha -- --timeout 10000 --recursive ./test/specs',
136 silly install resolved        coveralls: 'istanbul-coveralls',
136 silly install resolved        'pre-release': 'npm test && npm run pro-local && npm run pro',
136 silly install resolved        lodash: 'lodash include=isUndefined,isFunction,toArray,includes,union,each,isString,merge,isObject,set exports=node' },
136 silly install resolved     dependencies:
136 silly install resolved      { 'browser-sync-client': '^2.3.3',
136 silly install resolved        'browser-sync-ui': '0.6.0',
136 silly install resolved        'bs-recipes': '1.2.2',
136 silly install resolved        chokidar: '1.5.1',
136 silly install resolved        connect: '3.4.1',
136 silly install resolved        'dev-ip': '^1.0.1',
136 silly install resolved        'easy-extender': '2.3.2',
136 silly install resolved        'eazy-logger': '3.0.2',
136 silly install resolved        'emitter-steward': '^1.0.0',
136 silly install resolved        'fs-extra': '0.26.7',
136 silly install resolved        'http-proxy': '1.13.3',
136 silly install resolved        immutable: '3.8.1',
136 silly install resolved        localtunnel: '1.8.1',
136 silly install resolved        micromatch: '2.3.8',
136 silly install resolved        opn: '^3.0.2',
136 silly install resolved        portscanner: '^1.0.0',
136 silly install resolved        qs: '6.2.0',
136 silly install resolved        'resp-modifier': '6.0.2',
136 silly install resolved        rx: '4.1.0',
136 silly install resolved        'serve-index': '1.7.3',
136 silly install resolved        'serve-static': '1.10.3',
136 silly install resolved        'server-destroy': '1.0.1',
136 silly install resolved        'socket.io': '1.4.6',
136 silly install resolved        'ua-parser-js': '0.7.10',
136 silly install resolved        yargs: '4.7.1' },
136 silly install resolved     devDependencies:
136 silly install resolved      { 'browser-sync-spa': '1.0.2',
136 silly install resolved        'bs-html-injector': '3.0.2',
136 silly install resolved        'bs-latency': '1.0.0',
136 silly install resolved        'bs-rewrite-rules': '1.0.0',
136 silly install resolved        'bs-snippet-injector': '2.0.1',
136 silly install resolved        chai: '3.2.0',
136 silly install resolved        chalk: '1.1.1',
136 silly install resolved        compression: '1.6.1',
136 silly install resolved        eslint: '1.3.1',
136 silly install resolved        'graceful-fs': '3.0.8',
136 silly install resolved        gulp: '3.9.0',
136 silly install resolved        'gulp-contribs': '0.0.3',
136 silly install resolved        'gulp-conventional-changelog': '0.4.0',
136 silly install resolved        'gulp-filter': '2.0.2',
136 silly install resolved        istanbul: '0.3.19',
136 silly install resolved        'istanbul-coveralls': '1.0.3',
136 silly install resolved        'lodash-cli': '4.13.1',
136 silly install resolved        mocha: '2.3.0',
136 silly install resolved        q: '1.4.1',
136 silly install resolved        request: '2.61.0',
136 silly install resolved        rimraf: '2.5.2',
136 silly install resolved        sinon: '1.15.4',
136 silly install resolved        slugify: '0.1.1',
136 silly install resolved        'socket.io-client': '^1.4.5',
136 silly install resolved        supertest: '1.1.0',
136 silly install resolved        vinyl: '0.5.3' },
136 silly install resolved     keywords: [ 'browser sync', 'css', 'live reload', 'sync' ],
136 silly install resolved     gitHead: '156c4e4bbd86c3221f5ffbeec4125557e8bca266',
136 silly install resolved     bugs: { url: 'https://github.com/browsersync/browser-sync/issues' },
136 silly install resolved     _id: 'browser-sync@2.14.0',
136 silly install resolved     _shasum: 'e314f098c73808e62fa66a4433fbf8e2f4785f06',
136 silly install resolved     _from: 'browser-sync@latest',
136 silly install resolved     _npmVersion: '2.15.5',
136 silly install resolved     _nodeVersion: '4.4.5',
136 silly install resolved     _npmUser: { name: 'shakyshane', email: 'shakyshane@gmail.com' },
136 silly install resolved     dist:
136 silly install resolved      { shasum: 'e314f098c73808e62fa66a4433fbf8e2f4785f06',
136 silly install resolved        tarball: 'https://registry.npmjs.org/browser-sync/-/browser-sync-2.14.0.tgz' },
136 silly install resolved     maintainers: [ [Object] ],
136 silly install resolved     _npmOperationalInternal:
136 silly install resolved      { host: 'packages-12-west.internal.npmjs.com',
136 silly install resolved        tmp: 'tmp/browser-sync-2.14.0.tgz_1469995623607_0.1169663209002465' },
136 silly install resolved     directories: {},
136 silly install resolved     _resolved: 'https://registry.npmjs.org/browser-sync/-/browser-sync-2.14.0.tgz' } ]
137 info install gulp@3.9.1 into /usr/local/lib
138 info install gulp-sass@2.3.2 into /usr/local/lib
139 info install browser-sync@2.14.0 into /usr/local/lib
140 info installOne gulp@3.9.1
141 verbose installOne of gulp to /usr/local/lib not in flight; installing
142 verbose correctMkdir /Users/new/.npm/_locks correctMkdir not in flight; initializing
143 info installOne gulp-sass@2.3.2
144 verbose installOne of gulp-sass to /usr/local/lib not in flight; installing
145 verbose correctMkdir /Users/new/.npm/_locks correctMkdir already in flight; waiting
146 info installOne browser-sync@2.14.0
147 verbose installOne of browser-sync to /usr/local/lib not in flight; installing
148 verbose correctMkdir /Users/new/.npm/_locks correctMkdir already in flight; waiting
149 verbose lock using /Users/new/.npm/_locks/gulp-709d00e5d169ceb3.lock for /usr/local/lib/node_modules/gulp
150 verbose lock using /Users/new/.npm/_locks/gulp-sass-b053c57e1f9a685f.lock for /usr/local/lib/node_modules/gulp-sass
151 verbose lock using /Users/new/.npm/_locks/browser-sync-ed941186c435fb34.lock for /usr/local/lib/node_modules/browser-sync
152 silly install write writing gulp 3.9.1 to /usr/local/lib/node_modules/gulp
153 silly install write writing gulp-sass 2.3.2 to /usr/local/lib/node_modules/gulp-sass
154 silly install write writing browser-sync 2.14.0 to /usr/local/lib/node_modules/browser-sync
155 verbose unbuild lib/node_modules/gulp-sass
156 verbose unbuild lib/node_modules/gulp
157 verbose unbuild lib/node_modules/browser-sync
158 silly gentlyRm /usr/local/lib/node_modules/gulp-sass is being purged from base /usr/local
159 verbose gentlyRm don't care about contents; nuking /usr/local/lib/node_modules/gulp-sass
160 silly gentlyRm /usr/local/lib/node_modules/gulp is being purged from base /usr/local
161 verbose gentlyRm don't care about contents; nuking /usr/local/lib/node_modules/gulp
162 verbose tar unpack /Users/new/.npm/gulp-sass/2.3.2/package.tgz
163 verbose tar unpacking to /usr/local/lib/node_modules/gulp-sass
164 silly gentlyRm /usr/local/lib/node_modules/gulp-sass is being purged
165 verbose gentlyRm don't care about contents; nuking /usr/local/lib/node_modules/gulp-sass
166 silly gentlyRm /usr/local/lib/node_modules/browser-sync is being purged from base /usr/local
167 verbose gentlyRm don't care about contents; nuking /usr/local/lib/node_modules/browser-sync
168 verbose tar unpack /Users/new/.npm/gulp/3.9.1/package.tgz
169 verbose tar unpacking to /usr/local/lib/node_modules/gulp
170 silly gentlyRm /usr/local/lib/node_modules/gulp is being purged
171 verbose gentlyRm don't care about contents; nuking /usr/local/lib/node_modules/gulp
172 silly gunzTarPerm modes [ '755', '644' ]
173 verbose tar unpack /Users/new/.npm/browser-sync/2.14.0/package.tgz
174 verbose tar unpacking to /usr/local/lib/node_modules/browser-sync
175 silly gentlyRm /usr/local/lib/node_modules/browser-sync is being purged
176 verbose gentlyRm don't care about contents; nuking /usr/local/lib/node_modules/browser-sync
177 silly gunzTarPerm modes [ '755', '644' ]
178 silly gunzTarPerm modes [ '755', '644' ]
179 error tar.unpack untar error /Users/new/.npm/gulp-sass/2.3.2/package.tgz
180 error tar.unpack untar error /Users/new/.npm/gulp/3.9.1/package.tgz
181 error tar.unpack untar error /Users/new/.npm/browser-sync/2.14.0/package.tgz
182 verbose unlock done using /Users/new/.npm/_locks/gulp-sass-b053c57e1f9a685f.lock for /usr/local/lib/node_modules/gulp-sass
183 verbose unlock done using /Users/new/.npm/_locks/gulp-709d00e5d169ceb3.lock for /usr/local/lib/node_modules/gulp
184 verbose unlock done using /Users/new/.npm/_locks/browser-sync-ed941186c435fb34.lock for /usr/local/lib/node_modules/browser-sync
185 verbose fstream_path /usr/local/lib/node_modules/gulp-sass
186 verbose fstream_type Directory
187 verbose fstream_class DirWriter
188 verbose stack Error: EACCES: permission denied, mkdir '/usr/local/lib/node_modules/gulp-sass'
188 verbose stack     at Error (native)
189 verbose fstream_stack /usr/local/lib/node_modules/npm/node_modules/fstream/lib/dir-writer.js:35:25
189 verbose fstream_stack /usr/local/lib/node_modules/npm/node_modules/mkdirp/index.js:47:53
189 verbose fstream_stack FSReqWrap.oncomplete (fs.js:82:15)
190 verbose cwd /Users/new/Documents/01code/CD_week3/app/view
191 error Darwin 15.6.0
192 error argv "/usr/local/bin/node" "/usr/local/bin/npm" "install" "-g" "browser-sync" "gulp" "gulp-sass"
193 error node v4.4.7
194 error npm  v2.15.8
195 error path /usr/local/lib/node_modules/gulp-sass
196 error code EACCES
197 error errno -13
198 error syscall mkdir
199 error Error: EACCES: permission denied, mkdir '/usr/local/lib/node_modules/gulp-sass'
199 error     at Error (native)
199 error  { [Error: EACCES: permission denied, mkdir '/usr/local/lib/node_modules/gulp-sass']
199 error   errno: -13,
199 error   code: 'EACCES',
199 error   syscall: 'mkdir',
199 error   path: '/usr/local/lib/node_modules/gulp-sass',
199 error   fstream_type: 'Directory',
199 error   fstream_path: '/usr/local/lib/node_modules/gulp-sass',
199 error   fstream_class: 'DirWriter',
199 error   fstream_stack:
199 error    [ '/usr/local/lib/node_modules/npm/node_modules/fstream/lib/dir-writer.js:35:25',
199 error      '/usr/local/lib/node_modules/npm/node_modules/mkdirp/index.js:47:53',
199 error      'FSReqWrap.oncomplete (fs.js:82:15)' ] }
200 error Please try running this command again as root/Administrator.
201 verbose exit [ -13, true ]
202 verbose unbuild lib/node_modules/gulp-sass
203 silly gentlyRm /usr/local/lib/node_modules/gulp-sass is being purged from base /usr/local
204 verbose gentlyRm don't care about contents; nuking /usr/local/lib/node_modules/gulp-sass
205 verbose unbuild lib/node_modules/gulp
206 silly gentlyRm /usr/local/lib/node_modules/gulp is being purged from base /usr/local
207 verbose gentlyRm don't care about contents; nuking /usr/local/lib/node_modules/gulp
208 verbose unbuild lib/node_modules/browser-sync
209 silly gentlyRm /usr/local/lib/node_modules/browser-sync is being purged from base /usr/local
210 verbose gentlyRm don't care about contents; nuking /usr/local/lib/node_modules/browser-sync
